<?xml version="1.0" encoding="UTF-8"?>
<testsuite name="encapsulamento.ClienteTest" tests="3" skipped="0" failures="0" errors="0" timestamp="2022-03-09T18:32:53" hostname="DESKTOP-JE2354T" time="0.027">
  <properties/>
  <testcase name="removeCompra()" classname="encapsulamento.ClienteTest" time="0.024"/>
  <testcase name="addCompra()" classname="encapsulamento.ClienteTest" time="0.001"/>
  <testcase name="totalCompras()" classname="encapsulamento.ClienteTest" time="0.0"/>
  <system-out><![CDATA[Item Banana adicionado com sucesso!
Item Pera adicionado com sucesso!
O item Pera foi removido com sucesso!
Item Banana adicionado com sucesso!
]]></system-out>
  <system-err><![CDATA[]]></system-err>
</testsuite>
